<?xml version="1.0" encoding="UTF-8"?>
<!-- Generated by org.testng.reporters.JUnitXMLReporter -->
<testsuite hostname="LTP-O-101080" name="GRP-Applyforself" tests="10" failures="0" timestamp="30 Nov 2019 17:34:03 GMT" time="108.736" errors="0">
  <testcase name="OpenWebPage" time="0.007" classname="lbe.digitaltransformation.Myaccount.Test.ClassDSubmitCase_TestCase"/>
  <testcase name="verifyhomepageTitle" time="0.009" classname="lbe.digitaltransformation.Myaccount.Test.ClassDSubmitCase_TestCase"/>
  <testcase name="homepageSignIn" time="3.57" classname="lbe.digitaltransformation.Myaccount.Test.ClassDSubmitCase_TestCase"/>
  <testcase name="SignInPageTitle" time="4.036" classname="lbe.digitaltransformation.Myaccount.Test.ClassDSubmitCase_TestCase"/>
  <testcase name="Portallogin" time="1.383" classname="lbe.digitaltransformation.Myaccount.Test.ClassDSubmitCase_TestCase"/>
  <testcase name="CouncilTaxSerive" time="13.634" classname="lbe.digitaltransformation.Myaccount.Test.ClassDSubmitCase_TestCase"/>
  <testcase name="Verifytitlepagecounciltax" time="0.007" classname="lbe.digitaltransformation.Myaccount.Test.ClassDSubmitCase_TestCase"/>
  <testcase name="ClickclassDlink" time="4.831" classname="lbe.digitaltransformation.Myaccount.Test.ClassDSubmitCase_TestCase"/>
  <testcase name="VerifytitlepageclassD" time="0.007" classname="lbe.digitaltransformation.Myaccount.Test.ClassDSubmitCase_TestCase"/>
  <testcase name="ApplyForSelf_OR_Onbehalfof_Another" time="54.851" classname="lbe.digitaltransformation.Myaccount.Test.ClassDSubmitCase_TestCase"/>
</testsuite> <!-- GRP-Applyforself -->
