<?xml version="1.0" encoding="UTF-8"?>
<!-- Generated by org.testng.reporters.JUnitXMLReporter -->
<testsuite hostname="LTP-O-101080" name="Test1" tests="6" failures="0" timestamp="7 Dec 2019 14:31:21 GMT" time="0.06" errors="0">
  <testcase name="DD" time="0.011" classname="lbe.digitaltransformation.Myaccount.Test.TC02_ClassD_Val"/>
  <testcase name="EE" time="0.002" classname="lbe.digitaltransformation.Myaccount.Test.TC02_ClassD_Val"/>
  <testcase name="GG" time="0.003" classname="lbe.digitaltransformation.Myaccount.Test.TC02_ClassD_Val"/>
  <testcase name="AA" time="0.003" classname="lbe.digitaltransformation.Myaccount.Test.TC01_ClassD_Val"/>
  <testcase name="BB" time="0.003" classname="lbe.digitaltransformation.Myaccount.Test.TC01_ClassD_Val"/>
  <testcase name="CC" time="0.002" classname="lbe.digitaltransformation.Myaccount.Test.TC01_ClassD_Val"/>
</testsuite> <!-- Test1 -->
