<?xml version="1.0" encoding="UTF-8"?>
<!-- Generated by org.testng.reporters.JUnitXMLReporter -->
<testsuite hostname="LTP-O-101080" name="Test" tests="1" failures="1" timestamp="30 Nov 2020 10:15:16 GMT" time="34.33" errors="0">
  <testcase name="Search_for_CaseNumber" time="4.877" classname="lbe.digitaltransformation.Dynamics.Test.TTC01_SearchCaseNumber_CRM">
    <failure type="java.lang.AssertionError" message="expected [mldev05.crm8.dynamics.com] but found [Sign in to your account]">
      <![CDATA[java.lang.AssertionError: expected [mldev05.crm8.dynamics.com] but found [Sign in to your account]
	at lbe.digitaltransformation.Dynamics.Pages.DynamicsSignIn.Dynamicslogin(DynamicsSignIn.java:46)
	at lbe.digitaltransformation.Dynamics.Test.TTC01_SearchCaseNumber_CRM.Search_for_CaseNumber(TTC01_SearchCaseNumber_CRM.java:50)
... Removed 30 stack frames]]>
    </failure>
  </testcase> <!-- Search_for_CaseNumber -->
</testsuite> <!-- Test -->
